<?xml version="1.0" encoding="UTF-8"?>
<testng-results skipped="0" failed="0" ignored="0" total="1" passed="1">
  <reporter-output>
  </reporter-output>
  <suite name="Default suite" duration-ms="37838" started-at="2019-08-06T07:39:13Z" finished-at="2019-08-06T07:39:51Z">
    <groups>
    </groups>
    <test name="Default test" duration-ms="37838" started-at="2019-08-06T07:39:13Z" finished-at="2019-08-06T07:39:51Z">
      <class name="pom.base.Base">
        <test-method status="PASS" signature="Initialization()[pri:0, instance:pom.base.Base@6950e31]" name="Initialization" duration-ms="37783" started-at="2019-08-06T07:39:13Z" finished-at="2019-08-06T07:39:51Z">
          <reporter-output>
          </reporter-output>
        </test-method> <!-- Initialization -->
      </class> <!-- pom.base.Base -->
    </test> <!-- Default test -->
  </suite> <!-- Default suite -->
</testng-results>
